

Microchip MPLAB XC8 Assembler V2.30 build 20200825195618 
                                                                                               Tue Nov 10 11:27:24 2020

Microchip MPLAB XC8 C Compiler v2.30 (Free license) build 20200825195618 Og1 
     1                           	processor	16F15244
     2                           	pagewidth 120
     3                           	opt	flic
     4                           	psect	nvCOMMON,global,class=COMMON,space=1,delta=1,noexec
     5                           	psect	cinit,global,class=CODE,merge=1,delta=2
     6                           	psect	cstackCOMMON,global,class=COMMON,space=1,delta=1,noexec
     7                           	psect	maintext,global,class=CODE,merge=1,split=1,delta=2
     8                           	psect	text1,local,class=CODE,merge=1,delta=2
     9                           	psect	text2,local,class=CODE,merge=1,delta=2
    10                           	psect	text3,local,class=CODE,merge=1,delta=2
    11                           	psect	config,global,abs,ovrld,class=CONFIG,space=4,delta=2,noexec
    12                           	dabs	1,0x7E,2
    13  0000                     
    14                           ; Version 2.20
    15                           ; Generated 30/04/2020 GMT
    16                           ; 
    17                           ; Copyright © 2020, Microchip Technology Inc. and its subsidiaries ("Microchip")
    18                           ; All rights reserved.
    19                           ; 
    20                           ; This software is developed by Microchip Technology Inc. and its subsidiaries ("Microch
      +                          ip").
    21                           ; 
    22                           ; Redistribution and use in source and binary forms, with or without modification, are
    23                           ; permitted provided that the following conditions are met:
    24                           ; 
    25                           ;     1. Redistributions of source code must retain the above copyright notice, this lis
      +                          t of
    26                           ;        conditions and the following disclaimer.
    27                           ; 
    28                           ;     2. Redistributions in binary form must reproduce the above copyright notice, this 
      +                          list
    29                           ;        of conditions and the following disclaimer in the documentation and/or other
    30                           ;        materials provided with the distribution.
    31                           ; 
    32                           ;     3. Microchip's name may not be used to endorse or promote products derived from th
      +                          is
    33                           ;        software without specific prior written permission.
    34                           ; 
    35                           ; THIS SOFTWARE IS PROVIDED BY MICROCHIP "AS IS" AND ANY EXPRESS OR IMPLIED WARRANTIES,
    36                           ; INCLUDING, BUT NOT LIMITED TO, THE IMPLIED WARRANTIES OF MERCHANTABILITY AND FITNESS F
      +                          OR
    37                           ; PURPOSE ARE DISCLAIMED.  IN NO EVENT SHALL MICROCHIP BE LIABLE FOR ANY DIRECT, INDIREC
      +                          T,
    38                           ; INCIDENTAL, SPECIAL, EXEMPLARY, OR CONSEQUENTIAL DAMAGES (INCLUDING BUT NOT LIMITED TO
    39                           ; PROCUREMENT OF SUBSTITUTE GOODS OR SERVICES; LOSS OF USE, DATA OR PROFITS; OR BUSINESS
    40                           ; INTERRUPTION) HOWSOEVER CAUSED AND ON ANY THEORY OF LIABILITY, WHETHER IN CONTRACT, ST
      +                          RICT
    41                           ; LIABILITY, OR TORT (INCLUDING NEGLIGENCE OR OTHERWISE) ARISING IN ANY WAY OUT OF THE U
      +                          SE OF
    42                           ; THIS SOFTWARE, EVEN IF ADVISED OF THE POSSIBILITY OF SUCH DAMAGE.
    43                           ; 
    44                           ; 
    45                           ; Code-generator required, PIC16F15244 Definitions
    46                           ; 
    47                           ; SFR Addresses
    48  0000                     	;# 
    49  0001                     	;# 
    50  0002                     	;# 
    51  0003                     	;# 
    52  0004                     	;# 
    53  0005                     	;# 
    54  0006                     	;# 
    55  0007                     	;# 
    56  0008                     	;# 
    57  0009                     	;# 
    58  000A                     	;# 
    59  000B                     	;# 
    60  000C                     	;# 
    61  000D                     	;# 
    62  000E                     	;# 
    63  0012                     	;# 
    64  0013                     	;# 
    65  0014                     	;# 
    66  0018                     	;# 
    67  0019                     	;# 
    68  001A                     	;# 
    69  009A                     	;# 
    70  009B                     	;# 
    71  009B                     	;# 
    72  009C                     	;# 
    73  009D                     	;# 
    74  009E                     	;# 
    75  009F                     	;# 
    76  010C                     	;# 
    77  010D                     	;# 
    78  0119                     	;# 
    79  011A                     	;# 
    80  011B                     	;# 
    81  011B                     	;# 
    82  011C                     	;# 
    83  011D                     	;# 
    84  011E                     	;# 
    85  011F                     	;# 
    86  018C                     	;# 
    87  018D                     	;# 
    88  018E                     	;# 
    89  018F                     	;# 
    90  0190                     	;# 
    91  0191                     	;# 
    92  0192                     	;# 
    93  020C                     	;# 
    94  020D                     	;# 
    95  020E                     	;# 
    96  020E                     	;# 
    97  020F                     	;# 
    98  020F                     	;# 
    99  0210                     	;# 
   100  0210                     	;# 
   101  0211                     	;# 
   102  0211                     	;# 
   103  028C                     	;# 
   104  028C                     	;# 
   105  028D                     	;# 
   106  028D                     	;# 
   107  028E                     	;# 
   108  028F                     	;# 
   109  0290                     	;# 
   110  0291                     	;# 
   111  030C                     	;# 
   112  030C                     	;# 
   113  030D                     	;# 
   114  030E                     	;# 
   115  030F                     	;# 
   116  0310                     	;# 
   117  0310                     	;# 
   118  0311                     	;# 
   119  0312                     	;# 
   120  0313                     	;# 
   121  0314                     	;# 
   122  0314                     	;# 
   123  0315                     	;# 
   124  0316                     	;# 
   125  0318                     	;# 
   126  0318                     	;# 
   127  0319                     	;# 
   128  031A                     	;# 
   129  059C                     	;# 
   130  059C                     	;# 
   131  059D                     	;# 
   132  059D                     	;# 
   133  059E                     	;# 
   134  059F                     	;# 
   135  070C                     	;# 
   136  070D                     	;# 
   137  070E                     	;# 
   138  0716                     	;# 
   139  0717                     	;# 
   140  0718                     	;# 
   141  080C                     	;# 
   142  0811                     	;# 
   143  0813                     	;# 
   144  0814                     	;# 
   145  081A                     	;# 
   146  081A                     	;# 
   147  081B                     	;# 
   148  081C                     	;# 
   149  081C                     	;# 
   150  081D                     	;# 
   151  081E                     	;# 
   152  081F                     	;# 
   153  088E                     	;# 
   154  0890                     	;# 
   155  0891                     	;# 
   156  0892                     	;# 
   157  0893                     	;# 
   158  090C                     	;# 
   159  1E8F                     	;# 
   160  1E90                     	;# 
   161  1E91                     	;# 
   162  1E92                     	;# 
   163  1E93                     	;# 
   164  1E9C                     	;# 
   165  1EA1                     	;# 
   166  1EA2                     	;# 
   167  1EC3                     	;# 
   168  1EC5                     	;# 
   169  1EC6                     	;# 
   170  1EC7                     	;# 
   171  1ECB                     	;# 
   172  1ECB                     	;# 
   173  1ECB                     	;# 
   174  1ECC                     	;# 
   175  1ECC                     	;# 
   176  1ECC                     	;# 
   177  1F10                     	;# 
   178  1F11                     	;# 
   179  1F12                     	;# 
   180  1F14                     	;# 
   181  1F15                     	;# 
   182  1F1C                     	;# 
   183  1F1D                     	;# 
   184  1F1E                     	;# 
   185  1F1F                     	;# 
   186  1F20                     	;# 
   187  1F21                     	;# 
   188  1F22                     	;# 
   189  1F23                     	;# 
   190  1F24                     	;# 
   191  1F25                     	;# 
   192  1F26                     	;# 
   193  1F27                     	;# 
   194  1F38                     	;# 
   195  1F39                     	;# 
   196  1F3A                     	;# 
   197  1F3B                     	;# 
   198  1F3C                     	;# 
   199  1F3D                     	;# 
   200  1F3E                     	;# 
   201  1F3F                     	;# 
   202  1F43                     	;# 
   203  1F44                     	;# 
   204  1F45                     	;# 
   205  1F46                     	;# 
   206  1F47                     	;# 
   207  1F48                     	;# 
   208  1F49                     	;# 
   209  1F4A                     	;# 
   210  1F4E                     	;# 
   211  1F4F                     	;# 
   212  1F50                     	;# 
   213  1F51                     	;# 
   214  1F52                     	;# 
   215  1F53                     	;# 
   216  1F54                     	;# 
   217  1F55                     	;# 
   218  1FE4                     	;# 
   219  1FE5                     	;# 
   220  1FE6                     	;# 
   221  1FE7                     	;# 
   222  1FE8                     	;# 
   223  1FE8                     	;# 
   224  1FE9                     	;# 
   225  1FEA                     	;# 
   226  1FEB                     	;# 
   227  1FED                     	;# 
   228  1FEE                     	;# 
   229  1FEF                     	;# 
   230                           
   231                           	psect	nvCOMMON
   232  0074                     __pnvCOMMON:
   233  0074                     _par_impar:
   234  0074                     	ds	2
   235  0018                     _LATAbits	set	24
   236  0092                     _TRISA2	set	146
   237  0892                     _OSCTUNE	set	2194
   238  0893                     _OSCFRQ	set	2195
   239  0891                     _OSCEN	set	2193
   240                           
   241                           	psect	cinit
   242  07FD                     start_initialization:	
   243                           ; #config settings
   244                           
   245  07FD                     __initialization:
   246  07FD                     end_of_initialization:	
   247                           ;End of C runtime variable initialization code
   248                           
   249  07FD                     __end_of__initialization:
   250  07FD  0140               	movlb	0
   251  07FE  3187  2FD5         	ljmp	_main	;jump to C main() function
   252                           
   253                           	psect	cstackCOMMON
   254  0070                     __pcstackCOMMON:
   255  0070                     ?_PIN_MANAGER_Initialize:
   256  0070                     ??_PIN_MANAGER_Initialize:	
   257                           ; 1 bytes @ 0x0
   258                           
   259  0070                     ?_OSCILLATOR_Initialize:	
   260                           ; 1 bytes @ 0x0
   261                           
   262  0070                     ??_OSCILLATOR_Initialize:	
   263                           ; 1 bytes @ 0x0
   264                           
   265  0070                     ?_paridad:	
   266                           ; 1 bytes @ 0x0
   267                           
   268  0070                     ?_main:	
   269                           ; 1 bytes @ 0x0
   270                           
   271  0070                     paridad@N:	
   272                           ; 1 bytes @ 0x0
   273                           
   274                           
   275                           ; 2 bytes @ 0x0
   276  0070                     	ds	2
   277  0072                     ??_paridad:
   278  0072                     ??_main:	
   279                           ; 1 bytes @ 0x2
   280                           
   281                           
   282                           ; 1 bytes @ 0x2
   283  0072                     	ds	2
   284                           
   285                           	psect	maintext
   286  07D5                     __pmaintext:	
   287 ;;
   288 ;;Main: autosize = 0, tempsize = 2, incstack = 0, save=0
   289 ;;
   290 ;; *************** function _main *****************
   291 ;; Defined at:
   292 ;;		line 83 in file "main.c"
   293 ;; Parameters:    Size  Location     Type
   294 ;;		None
   295 ;; Auto vars:     Size  Location     Type
   296 ;;		None
   297 ;; Return value:  Size  Location     Type
   298 ;;                  1    wreg      void 
   299 ;; Registers used:
   300 ;;		wreg, status,2, status,0, pclath, cstack
   301 ;; Tracked objects:
   302 ;;		On entry : B3F/0
   303 ;;		On exit  : 0/0
   304 ;;		Unchanged: 0/0
   305 ;; Data sizes:     COMMON   BANK0   BANK1   BANK2   BANK3   BANK4   BANK5   BANK6
   306 ;;      Params:         0       0       0       0       0       0       0       0
   307 ;;      Locals:         0       0       0       0       0       0       0       0
   308 ;;      Temps:          2       0       0       0       0       0       0       0
   309 ;;      Totals:         2       0       0       0       0       0       0       0
   310 ;;Total ram usage:        2 bytes
   311 ;; Hardware stack levels required when called:    1
   312 ;; This function calls:
   313 ;;		_OSCILLATOR_Initialize
   314 ;;		_PIN_MANAGER_Initialize
   315 ;;		_paridad
   316 ;; This function is called by:
   317 ;;		Startup code after reset
   318 ;; This function uses a non-reentrant model
   319 ;;
   320                           
   321                           
   322                           ;psect for function _main
   323  07D5                     _main:
   324  07D5                     l583:	
   325                           ;incstack = 0
   326                           ; Regs used in _main: [wreg+status,2+status,0+pclath+cstack]
   327                           
   328                           
   329                           ;main.c: 85:     PIN_MANAGER_Initialize();
   330  07D5  3187  27C6  3187   	fcall	_PIN_MANAGER_Initialize
   331                           
   332                           ;main.c: 86:     OSCILLATOR_Initialize();
   333  07D8  3187  27C9  3187   	fcall	_OSCILLATOR_Initialize
   334  07DB                     l585:
   335  07DB  0140               	movlb	0	; select bank0
   336  07DC  1118               	bcf	24,2	;volatile
   337  07DD                     l587:
   338                           
   339                           ;main.c: 91:         paridad(4);
   340  07DD  3004               	movlw	4
   341  07DE  00F0               	movwf	paridad@N
   342  07DF  3000               	movlw	0
   343  07E0  00F1               	movwf	paridad@N+1
   344  07E1  3187  27CE  3187   	fcall	_paridad
   345  07E4                     l589:
   346                           
   347                           ;main.c: 92:         if (par_impar==1){
   348  07E4  0374               	decf	_par_impar,w
   349  07E5  0475               	iorwf	_par_impar+1,w
   350  07E6  1D03               	btfss	3,2
   351  07E7  2FE9               	goto	u21
   352  07E8  2FEA               	goto	u20
   353  07E9                     u21:
   354  07E9  2FED               	goto	l35
   355  07EA                     u20:
   356  07EA                     l32:	
   357                           ;main.c: 94:             do { LATAbits.LATA2 = 1; } while(0);
   358                           
   359  07EA  0140               	movlb	0	; select bank0
   360  07EB  1518               	bsf	24,2	;volatile
   361  07EC  2FEF               	goto	l591
   362  07ED                     l35:	
   363                           ;main.c: 97:             do { LATAbits.LATA2 = 0; } while(0);
   364                           
   365  07ED  0140               	movlb	0	; select bank0
   366  07EE  1118               	bcf	24,2	;volatile
   367  07EF                     l591:
   368                           
   369                           ;main.c: 99:         _delay((unsigned long)((1000)*(1000000/4000.0)));
   370  07EF  3002               	movlw	2
   371  07F0  00F3               	movwf	??_main+1
   372  07F1  3045               	movlw	69
   373  07F2  00F2               	movwf	??_main
   374  07F3  30AA               	movlw	170
   375  07F4                     u37:
   376  07F4  0B89               	decfsz	9,f
   377  07F5  2FF4               	goto	u37
   378  07F6  0BF2               	decfsz	??_main,f
   379  07F7  2FF4               	goto	u37
   380  07F8  0BF3               	decfsz	??_main+1,f
   381  07F9  2FF4               	goto	u37
   382  07FA  2FDD               	goto	l587
   383  07FB  3180  2802         	ljmp	start
   384  07FD                     __end_of_main:
   385                           
   386                           	psect	text1
   387  07CE                     __ptext1:	
   388 ;; *************** function _paridad *****************
   389 ;; Defined at:
   390 ;;		line 74 in file "main.c"
   391 ;; Parameters:    Size  Location     Type
   392 ;;  N               2    0[COMMON] int 
   393 ;; Auto vars:     Size  Location     Type
   394 ;;		None
   395 ;; Return value:  Size  Location     Type
   396 ;;                  1    wreg      void 
   397 ;; Registers used:
   398 ;;		wreg
   399 ;; Tracked objects:
   400 ;;		On entry : 0/0
   401 ;;		On exit  : 0/0
   402 ;;		Unchanged: 0/0
   403 ;; Data sizes:     COMMON   BANK0   BANK1   BANK2   BANK3   BANK4   BANK5   BANK6
   404 ;;      Params:         2       0       0       0       0       0       0       0
   405 ;;      Locals:         0       0       0       0       0       0       0       0
   406 ;;      Temps:          0       0       0       0       0       0       0       0
   407 ;;      Totals:         2       0       0       0       0       0       0       0
   408 ;;Total ram usage:        2 bytes
   409 ;; Hardware stack levels used:    1
   410 ;; This function calls:
   411 ;;		Nothing
   412 ;; This function is called by:
   413 ;;		_main
   414 ;; This function uses a non-reentrant model
   415 ;;
   416                           
   417                           
   418                           ;psect for function _paridad
   419  07CE                     _paridad:
   420  07CE                     l581:	
   421                           ;incstack = 0
   422                           ; Regs used in _paridad: [wreg]
   423                           
   424                           
   425                           ;main.c: 75:     par_impar = N%2;
   426  07CE  3001               	movlw	1
   427  07CF  0570               	andwf	paridad@N,w
   428  07D0  00F4               	movwf	_par_impar
   429  07D1  3000               	movlw	0
   430  07D2  0571               	andwf	paridad@N+1,w
   431  07D3  00F5               	movwf	_par_impar+1
   432  07D4                     l23:
   433  07D4  0008               	return
   434  07D5                     __end_of_paridad:
   435                           
   436                           	psect	text2
   437  07C6                     __ptext2:	
   438 ;; *************** function _PIN_MANAGER_Initialize *****************
   439 ;; Defined at:
   440 ;;		line 58 in file "main.c"
   441 ;; Parameters:    Size  Location     Type
   442 ;;		None
   443 ;; Auto vars:     Size  Location     Type
   444 ;;		None
   445 ;; Return value:  Size  Location     Type
   446 ;;                  1    wreg      void 
   447 ;; Registers used:
   448 ;;		None
   449 ;; Tracked objects:
   450 ;;		On entry : 0/0
   451 ;;		On exit  : 0/0
   452 ;;		Unchanged: 0/0
   453 ;; Data sizes:     COMMON   BANK0   BANK1   BANK2   BANK3   BANK4   BANK5   BANK6
   454 ;;      Params:         0       0       0       0       0       0       0       0
   455 ;;      Locals:         0       0       0       0       0       0       0       0
   456 ;;      Temps:          0       0       0       0       0       0       0       0
   457 ;;      Totals:         0       0       0       0       0       0       0       0
   458 ;;Total ram usage:        0 bytes
   459 ;; Hardware stack levels used:    1
   460 ;; This function calls:
   461 ;;		Nothing
   462 ;; This function is called by:
   463 ;;		_main
   464 ;; This function uses a non-reentrant model
   465 ;;
   466                           
   467                           
   468                           ;psect for function _PIN_MANAGER_Initialize
   469  07C6                     _PIN_MANAGER_Initialize:
   470  07C6                     l565:	
   471                           ;incstack = 0
   472                           ; Regs used in _PIN_MANAGER_Initialize: []
   473                           
   474                           
   475                           ;main.c: 61:     TRISA2 = 0;
   476  07C6  0140               	movlb	0	; select bank0
   477  07C7  1112               	bcf	18,2	;volatile
   478  07C8                     l17:
   479  07C8  0008               	return
   480  07C9                     __end_of_PIN_MANAGER_Initialize:
   481                           
   482                           	psect	text3
   483  07C9                     __ptext3:	
   484 ;; *************** function _OSCILLATOR_Initialize *****************
   485 ;; Defined at:
   486 ;;		line 66 in file "main.c"
   487 ;; Parameters:    Size  Location     Type
   488 ;;		None
   489 ;; Auto vars:     Size  Location     Type
   490 ;;		None
   491 ;; Return value:  Size  Location     Type
   492 ;;                  1    wreg      void 
   493 ;; Registers used:
   494 ;;		status,2
   495 ;; Tracked objects:
   496 ;;		On entry : 0/0
   497 ;;		On exit  : 0/0
   498 ;;		Unchanged: 0/0
   499 ;; Data sizes:     COMMON   BANK0   BANK1   BANK2   BANK3   BANK4   BANK5   BANK6
   500 ;;      Params:         0       0       0       0       0       0       0       0
   501 ;;      Locals:         0       0       0       0       0       0       0       0
   502 ;;      Temps:          0       0       0       0       0       0       0       0
   503 ;;      Totals:         0       0       0       0       0       0       0       0
   504 ;;Total ram usage:        0 bytes
   505 ;; Hardware stack levels used:    1
   506 ;; This function calls:
   507 ;;		Nothing
   508 ;; This function is called by:
   509 ;;		_main
   510 ;; This function uses a non-reentrant model
   511 ;;
   512                           
   513                           
   514                           ;psect for function _OSCILLATOR_Initialize
   515  07C9                     _OSCILLATOR_Initialize:
   516  07C9                     l567:	
   517                           ;incstack = 0
   518                           ; Regs used in _OSCILLATOR_Initialize: [status,2]
   519                           
   520                           
   521                           ;main.c: 68:     OSCEN = 0x00;
   522  07C9  0151               	movlb	17	; select bank17
   523  07CA  0191               	clrf	17	;volatile
   524                           
   525                           ;main.c: 69:     OSCFRQ = 0x00;
   526  07CB  0193               	clrf	19	;volatile
   527                           
   528                           ;main.c: 70:     OSCTUNE = 0x00;
   529  07CC  0192               	clrf	18	;volatile
   530  07CD                     l20:
   531  07CD  0008               	return
   532  07CE                     __end_of_OSCILLATOR_Initialize:
   533  007E                     btemp	set	126	;btemp
   534  007E                     wtemp0	set	126
   535                           
   536                           	psect	config
   537                           
   538                           ;Config register CONFIG1 @ 0x8007
   539                           ;	External Oscillator Mode Selection bits
   540                           ;	FEXTOSC = OFF, Oscillator not enabled
   541                           ;	Power-up Default Value for COSC bits
   542                           ;	RSTOSC = HFINTOSC_1MHZ, HFINTOSC (1 MHz)
   543                           ;	Clock Out Enable bit
   544                           ;	CLKOUTEN = OFF, CLKOUT function is disabled; I/O function on RA4
   545                           ;	VDD Range Analog Calibration Selection bit
   546                           ;	VDDAR = HI, Internal analog systems are calibrated for operation between VDD = 2.3V - 
      +                          5.5V
   547  8007                     	org	32775
   548  8007  3FED               	dw	16365
   549                           
   550                           ;Config register CONFIG2 @ 0x8008
   551                           ;	Master Clear Enable bit
   552                           ;	MCLRE = EXTMCLR, If LVP = 0, MCLR pin is MCLR; If LVP = 1, RA3 pin function is MCLR
   553                           ;	Power-up Timer Selection bits
   554                           ;	PWRTS = PWRT_OFF, PWRT is disabled
   555                           ;	WDT Operating Mode bits
   556                           ;	WDTE = OFF, WDT disabled; SEN is ignored
   557                           ;	Brown-out Reset Enable bits
   558                           ;	BOREN = ON, Brown-out Reset Enabled, SBOREN bit is ignored
   559                           ;	Brown-out Reset Voltage Selection bit
   560                           ;	BORV = LO, Brown-out Reset Voltage (VBOR) set to 1.9V
   561                           ;	PPSLOCKED One-Way Set Enable bit
   562                           ;	PPS1WAY = ON, The PPSLOCKED bit can be cleared and set only once in software
   563                           ;	Stack Overflow/Underflow Reset Enable bit
   564                           ;	STVREN = ON, Stack Overflow or Underflow will cause a reset
   565  8008                     	org	32776
   566  8008  3FE7               	dw	16359
   567                           
   568                           ;Config register CONFIG4 @ 0x800A
   569                           ;	Boot Block Size Selection bits
   570                           ;	BBSIZE = BB512, 512 words boot block size
   571                           ;	Boot Block Enable bit
   572                           ;	BBEN = OFF, Boot Block is disabled
   573                           ;	SAF Enable bit
   574                           ;	SAFEN = OFF, SAF is disabled
   575                           ;	Application Block Write Protection bit
   576                           ;	WRTAPP = OFF, Application Block is not write-protected
   577                           ;	Boot Block Write Protection bit
   578                           ;	WRTB = OFF, Boot Block is not write-protected
   579                           ;	Configuration Registers Write Protection bit
   580                           ;	WRTC = OFF, Configuration Registers are not write-protected
   581                           ;	Storage Area Flash (SAF) Write Protection bit
   582                           ;	WRTSAF = OFF, SAF is not write-protected
   583                           ;	Low Voltage Programming Enable bit
   584                           ;	LVP = ON, Low Voltage programming enabled. MCLR/Vpp pin function is MCLR. MCLRE Config
      +                          uration bit is ignored.
   585  800A                     	org	32778
   586  800A  3FFF               	dw	16383
   587                           
   588                           ;Config register CONFIG5 @ 0x800B
   589                           ;	User Program Flash Memory Code Protection bit
   590                           ;	CP = OFF, User Program Flash Memory code protection is disabled
   591  800B                     	org	32779
   592  800B  3FFF               	dw	16383

Data Sizes:
    Strings     0
    Constant    0
    Data        0
    BSS         0
    Persistent  34
    Stack       0

Auto Spaces:
    Space          Size  Autos    Used
    COMMON           14      4       6
    BANK0            80      0       0
    BANK1            80      0       0
    BANK2            80      0       0
    BANK3            80      0       0
    BANK4            80      0       0
    BANK5            80      0       0
    BANK6            16      0       0

Pointer List with Targets:

    None.

Critical Paths under _main in COMMON

    _main->_paridad

Critical Paths under _main in BANK0

    None.

Critical Paths under _main in BANK1

    None.

Critical Paths under _main in BANK2

    None.

Critical Paths under _main in BANK3

    None.

Critical Paths under _main in BANK4

    None.

Critical Paths under _main in BANK5

    None.

Critical Paths under _main in BANK6

    None.

Call Graph Tables:

 ---------------------------------------------------------------------------------
 (Depth) Function   	        Calls       Base Space   Used Autos Params    Refs
 ---------------------------------------------------------------------------------
 (0) _main                                                 2     2      0      98
                                              2 COMMON     2     2      0
              _OSCILLATOR_Initialize
             _PIN_MANAGER_Initialize
                            _paridad
 ---------------------------------------------------------------------------------
 (1) _paridad                                              2     0      2      98
                                              0 COMMON     2     0      2
 ---------------------------------------------------------------------------------
 (1) _PIN_MANAGER_Initialize                               0     0      0       0
 ---------------------------------------------------------------------------------
 (1) _OSCILLATOR_Initialize                                0     0      0       0
 ---------------------------------------------------------------------------------
 Estimated maximum stack depth 1
 ---------------------------------------------------------------------------------

 Call Graph Graphs:

 _main (ROOT)
   _OSCILLATOR_Initialize
   _PIN_MANAGER_Initialize
   _paridad

 Address spaces:
Name               Size   Autos  Total    Cost      Usage
BIGRAM             1F0      0       0       0        0.0%
NULL                 0      0       0       0        0.0%
CODE                 0      0       0       0        0.0%
BITCOMMON            E      0       0       1        0.0%
BITSFR0              0      0       0       1        0.0%
SFR0                 0      0       0       1        0.0%
COMMON               E      4       6       2       42.9%
BITSFR1              0      0       0       2        0.0%
SFR1                 0      0       0       2        0.0%
BITSFR2              0      0       0       3        0.0%
SFR2                 0      0       0       3        0.0%
STACK                0      0       0       3        0.0%
BITSFR3              0      0       0       4        0.0%
SFR3                 0      0       0       4        0.0%
ABS                  0      0       6       4        0.0%
BITBANK0            50      0       0       5        0.0%
BITSFR4              0      0       0       5        0.0%
SFR4                 0      0       0       5        0.0%
BANK0               50      0       0       6        0.0%
BITSFR5              0      0       0       6        0.0%
SFR5                 0      0       0       6        0.0%
BITBANK1            50      0       0       7        0.0%
BITSFR6              0      0       0       7        0.0%
SFR6                 0      0       0       7        0.0%
BANK1               50      0       0       8        0.0%
BITSFR7              0      0       0       8        0.0%
SFR7                 0      0       0       8        0.0%
BITBANK2            50      0       0       9        0.0%
BITSFR8              0      0       0       9        0.0%
SFR8                 0      0       0       9        0.0%
BANK2               50      0       0      10        0.0%
BITSFR9              0      0       0      10        0.0%
SFR9                 0      0       0      10        0.0%
BITBANK3            50      0       0      11        0.0%
BITSFR10             0      0       0      11        0.0%
SFR10                0      0       0      11        0.0%
BANK3               50      0       0      12        0.0%
BITSFR11             0      0       0      12        0.0%
SFR11                0      0       0      12        0.0%
BITBANK4            50      0       0      13        0.0%
BITSFR12             0      0       0      13        0.0%
SFR12                0      0       0      13        0.0%
BANK4               50      0       0      14        0.0%
BITSFR13             0      0       0      14        0.0%
SFR13                0      0       0      14        0.0%
BITBANK5            50      0       0      15        0.0%
BITSFR14             0      0       0      15        0.0%
SFR14                0      0       0      15        0.0%
BANK5               50      0       0      16        0.0%
BITSFR15             0      0       0      16        0.0%
SFR15                0      0       0      16        0.0%
BITBANK6            10      0       0      17        0.0%
BITSFR16             0      0       0      17        0.0%
SFR16                0      0       0      17        0.0%
BANK6               10      0       0      18        0.0%
BITSFR17             0      0       0      18        0.0%
SFR17                0      0       0      18        0.0%
BITSFR18             0      0       0      19        0.0%
SFR18                0      0       0      19        0.0%
DATA                 0      0       6      19        0.0%
BITSFR19             0      0       0      20        0.0%
SFR19                0      0       0      20        0.0%
BITSFR20             0      0       0      21        0.0%
SFR20                0      0       0      21        0.0%
BITSFR21             0      0       0      22        0.0%
SFR21                0      0       0      22        0.0%
BITSFR22             0      0       0      23        0.0%
SFR22                0      0       0      23        0.0%
BITSFR23             0      0       0      24        0.0%
SFR23                0      0       0      24        0.0%
BITSFR24             0      0       0      25        0.0%
SFR24                0      0       0      25        0.0%
BITSFR25             0      0       0      26        0.0%
SFR25                0      0       0      26        0.0%
BITSFR26             0      0       0      27        0.0%
SFR26                0      0       0      27        0.0%
BITSFR27             0      0       0      28        0.0%
SFR27                0      0       0      28        0.0%
BITSFR28             0      0       0      29        0.0%
SFR28                0      0       0      29        0.0%
BITSFR29             0      0       0      30        0.0%
SFR29                0      0       0      30        0.0%
BITSFR30             0      0       0      31        0.0%
SFR30                0      0       0      31        0.0%
BITSFR31             0      0       0      32        0.0%
SFR31                0      0       0      32        0.0%
BITSFR32             0      0       0      33        0.0%
SFR32                0      0       0      33        0.0%
BITSFR33             0      0       0      34        0.0%
SFR33                0      0       0      34        0.0%
BITSFR34             0      0       0      35        0.0%
SFR34                0      0       0      35        0.0%
BITSFR35             0      0       0      36        0.0%
SFR35                0      0       0      36        0.0%
BITSFR36             0      0       0      37        0.0%
SFR36                0      0       0      37        0.0%
BITSFR37             0      0       0      38        0.0%
SFR37                0      0       0      38        0.0%
BITSFR38             0      0       0      39        0.0%
SFR38                0      0       0      39        0.0%
BITSFR39             0      0       0      40        0.0%
SFR39                0      0       0      40        0.0%
BITSFR40             0      0       0      41        0.0%
SFR40                0      0       0      41        0.0%
BITSFR41             0      0       0      42        0.0%
SFR41                0      0       0      42        0.0%
BITSFR42             0      0       0      43        0.0%
SFR42                0      0       0      43        0.0%
BITSFR43             0      0       0      44        0.0%
SFR43                0      0       0      44        0.0%
BITSFR44             0      0       0      45        0.0%
SFR44                0      0       0      45        0.0%
BITSFR45             0      0       0      46        0.0%
SFR45                0      0       0      46        0.0%
BITSFR46             0      0       0      47        0.0%
SFR46                0      0       0      47        0.0%
BITSFR47             0      0       0      48        0.0%
SFR47                0      0       0      48        0.0%
BITSFR48             0      0       0      49        0.0%
SFR48                0      0       0      49        0.0%
BITSFR49             0      0       0      50        0.0%
SFR49                0      0       0      50        0.0%
BITSFR50             0      0       0      51        0.0%
SFR50                0      0       0      51        0.0%
BITSFR51             0      0       0      52        0.0%
SFR51                0      0       0      52        0.0%
BITSFR52             0      0       0      53        0.0%
SFR52                0      0       0      53        0.0%
BITSFR53             0      0       0      54        0.0%
SFR53                0      0       0      54        0.0%
BITSFR54             0      0       0      55        0.0%
SFR54                0      0       0      55        0.0%
BITSFR55             0      0       0      56        0.0%
SFR55                0      0       0      56        0.0%
BITSFR56             0      0       0      57        0.0%
SFR56                0      0       0      57        0.0%
BITSFR57             0      0       0      58        0.0%
SFR57                0      0       0      58        0.0%
BITSFR58             0      0       0      59        0.0%
SFR58                0      0       0      59        0.0%
BITSFR59             0      0       0      60        0.0%
SFR59                0      0       0      60        0.0%
BITSFR60             0      0       0      61        0.0%
SFR60                0      0       0      61        0.0%
BITSFR61             0      0       0      62        0.0%
SFR61                0      0       0      62        0.0%
BITSFR62             0      0       0      63        0.0%
SFR62                0      0       0      63        0.0%
BITSFR63             0      0       0      64        0.0%
SFR63                0      0       0      64        0.0%


Microchip Technology PIC Macro Assembler V2.30 build 20200825195618 
Symbol Table                                                                                   Tue Nov 10 11:27:24 2020

                             l20 07CD                               l23 07D4                               l32 07EA  
                             l17 07C8                               l35 07ED                               u20 07EA  
                             u21 07E9                               u37 07F4                              l565 07C6  
                            l581 07CE                              l567 07C9                              l591 07EF  
                            l583 07D5                              l585 07DB                              l587 07DD  
                            l589 07E4                              wreg 0009                             _main 07D5  
                           btemp 007E                             start 0002   __size_of_OSCILLATOR_Initialize 0005  
  __end_of_OSCILLATOR_Initialize 07CE                            ?_main 0070                            _OSCEN 0891  
                __end_of_paridad 07D5                            status 0003                            wtemp0 007E  
                __initialization 07FD                     __end_of_main 07FD                           ??_main 0072  
                         _OSCFRQ 0893                           _TRISA2 0092                        ??_paridad 0072  
        __end_of__initialization 07FD                   __pcstackCOMMON 0070                       __pnvCOMMON 0074  
                     __pmaintext 07D5                          _OSCTUNE 0892                          __ptext1 07CE  
                        __ptext2 07C6                          __ptext3 07C9            _OSCILLATOR_Initialize 07C9  
                        _paridad 07CE         ??_PIN_MANAGER_Initialize 0070             end_of_initialization 07FD  
         ?_OSCILLATOR_Initialize 0070              start_initialization 07FD  __size_of_PIN_MANAGER_Initialize 0003  
                      ___latbits 0001           _PIN_MANAGER_Initialize 07C6                         ?_paridad 0070  
                      _par_impar 0074                         _LATAbits 0018          ??_OSCILLATOR_Initialize 0070  
               __size_of_paridad 0007                    __size_of_main 0028                         paridad@N 0070  
        ?_PIN_MANAGER_Initialize 0070   __end_of_PIN_MANAGER_Initialize 07C9  
